<?xml version="1.0" encoding="UTF-8"?>
<!-- Generated by org.testng.reporters.JUnitReportReporter -->
<testsuite skipped="0" hostname="DESKTOP-6D3FG3E" name="com.check.qa.testcases.CheckTFMainTest" tests="6" failures="0" timestamp="2021-04-22T09:43:00 CEST" time="14.090" errors="0">
  <testcase name="launchURL" time="5.409" classname="com.check.qa.testcases.CheckTFMainTest"/>
  <system-out/>
  <testcase name="verifyCookieDetails" time="0.189" classname="com.check.qa.testcases.CheckTFMainTest"/>
  <system-out/>
  <testcase name="clickFirstProductEnterAndEnterEmail" time="3.187" classname="com.check.qa.testcases.CheckTFMainTest"/>
  <system-out/>
  <testcase name="clickGuestAsLink" time="0.413" classname="com.check.qa.testcases.CheckTFMainTest"/>
  <system-out/>
  <testcase name="verifyErrMsgsForForm" time="1.537" classname="com.check.qa.testcases.CheckTFMainTest"/>
  <system-out/>
  <testcase name="insertDatainForm" time="3.355" classname="com.check.qa.testcases.CheckTFMainTest"/>
  <system-out/>
</testsuite> <!-- com.check.qa.testcases.CheckTFMainTest -->
