<?xml version="1.0" encoding="UTF-8"?>
<!-- Generated by org.testng.reporters.JUnitReportReporter -->
<testsuite skipped="0" hostname="DESKTOP-6D3FG3E" name="com.check.qa.testcases.CheckTFMainPageTest" tests="2" failures="0" timestamp="2021-04-21T19:17:13 CEST" time="9.445" errors="0">
  <testcase name="launchURL" time="5.670" classname="com.check.qa.testcases.CheckTFMainPageTest"/>
  <system-out/>
  <testcase name="filterForFirstRegistration" time="3.775" classname="com.check.qa.testcases.CheckTFMainPageTest"/>
  <system-out/>
</testsuite> <!-- com.check.qa.testcases.CheckTFMainPageTest -->
