<?xml version="1.0" encoding="UTF-8"?>
<!-- Generated by org.testng.reporters.JUnitReportReporter -->
<testsuite skipped="0" hostname="DESKTOP-6D3FG3E" name="com.check.qa.testcases.CheckTFMainTest" tests="6" failures="0" timestamp="2021-04-22T12:43:43 CEST" time="20.721" errors="0">
  <testcase name="launchURL" time="7.506" classname="com.check.qa.testcases.CheckTFMainTest"/>
  <system-out/>
  <testcase name="verifyCookieDetails" time="0.161" classname="com.check.qa.testcases.CheckTFMainTest"/>
  <system-out/>
  <testcase name="clickFirstProductAndEnterEmail" time="5.598" classname="com.check.qa.testcases.CheckTFMainTest"/>
  <system-out/>
  <testcase name="clickGuestAsLink" time="0.745" classname="com.check.qa.testcases.CheckTFMainTest"/>
  <system-out/>
  <testcase name="verifyErrMsgsForForm" time="2.227" classname="com.check.qa.testcases.CheckTFMainTest"/>
  <system-out/>
  <testcase name="insertDatainForm" time="4.484" classname="com.check.qa.testcases.CheckTFMainTest"/>
  <system-out/>
</testsuite> <!-- com.check.qa.testcases.CheckTFMainTest -->
